[2025-12-07T22:17:52.681Z] Inicio de sesión exitoso para el usuario: maria@example.com
[2025-12-07T22:20:21.467Z] Inicio de sesión exitoso para el usuario: maria@example.com
[2025-12-07T22:23:55.218Z] Inicio de sesión exitoso para el usuario: maria@example.com
[2025-12-07T22:28:47.066Z] Inicio de sesión exitoso para el usuario: maria@example.com
[2025-12-07T22:32:00.886Z] Inicio de sesión exitoso para el usuario: maria@example.com
[2025-12-07T22:38:25.789Z] Inicio de sesión exitoso para el usuario: maria@example.com
[2025-12-07T23:50:23.217Z] Inicio de sesión exitoso para el usuario: admin@example.com
[2025-12-08T00:03:56.232Z] Inicio de sesión exitoso para el usuario: admin@example.com
[2025-12-08T00:11:07.107Z] Inicio de sesión exitoso para el usuario: maria@example.com
[2025-12-08T00:15:33.837Z] Inicio de sesión exitoso para el usuario: admin@example.com
[2025-12-08T00:16:51.780Z] Inicio de sesión exitoso para el usuario: maria@example.com
[2025-12-08T05:43:26.425Z] Inicio de sesión exitoso para el usuario: cfmorales@gmail.com
[2025-12-08T05:44:32.907Z] Inicio de sesión exitoso para el usuario: cfmorales@gmail.com
[2025-12-08T06:36:06.324Z] Inicio de sesión exitoso para el usuario: cfmorales@gmail.com
[2025-12-08T07:21:18.455Z] Inicio de sesión exitoso para el usuario: cfmorales@gmail.com
[2025-12-08T07:43:55.390Z] Inicio de sesión exitoso para el usuario: cfmorales@gmail.com
[2025-12-08T08:45:54.011Z] Inicio de sesión exitoso para el usuario: cfmorales@gmail.com
[2025-12-08T09:04:08.164Z] Inicio de sesión exitoso para el usuario: cfmorales@gmail.com
[2025-12-08T09:18:34.832Z] Inicio de sesión exitoso para el usuario: cfmorales@gmail.com
[2025-12-08T09:22:49.629Z] Inicio de sesión exitoso para el usuario: cfmorales@gmail.com
[2025-12-08T07:03:15.211Z] Inicio de sesión exitoso para el usuario: maria@example.com
[2025-12-09T07:42:13.931Z] Inicio de sesión exitoso para el usuario: mar@gmail.com
[2025-12-09T07:44:12.200Z] Inicio de sesión exitoso para el usuario: admin@gmail.com
